<?xml version="1.0" encoding="UTF-8"?>
<!-- Generated by org.testng.reporters.JUnitXMLReporter -->
<testsuite hostname="shukrani-244" name="Command line test 49c78a95-adee-4b0a-8a4a-50f9f4a816f6" tests="2" failures="0" timestamp="10 Aug 2016 12:23:04 GMT" time="166.306" errors="0">
  <testcase name="@AfterMethod closeBrowser" time="0.0" classname="com.craftsvilla.testcase.Login">
    <failure type="java.lang.NullPointerException">
      <![CDATA[java.lang.NullPointerException
	at com.craftsvilla.testcase.Login.closeBrowser(Login.java:95)
	at com.craftsvilla.framework.Startup.main(Startup.java:81)
	at org.codehaus.mojo.exec.ExecJavaMojo$1.run(ExecJavaMojo.java:293)
	at java.lang.Thread.run(Thread.java:745)
... Removed 27 stack frames]]>
    </failure>
  </testcase> <!-- @AfterMethod closeBrowser -->
  <testcase name="startup" time="0.016" classname="com.craftsvilla.testcase.Login"/>
  <testcase name="prepaidOrderWithGuestCheckout" time="166.155" classname="com.craftsvilla.testcase.OrderPlacing"/>
</testsuite> <!-- Command line test 49c78a95-adee-4b0a-8a4a-50f9f4a816f6 -->
