<?xml version="1.0" encoding="UTF-8"?>
<!-- Generated by org.testng.reporters.JUnitXMLReporter -->
<testsuite name="Command line test 58f9b375-8b00-4f22-9943-117abde64aea" tests="3" failures="1" timestamp="29 Jan 2016 13:22:20 GMT" time="37.713" errors="0">
  <testcase name="@AfterMethod closeBrowser" time="0.0" classname="testcase.Login">
    <failure type="org.openqa.selenium.remote.SessionNotFoundException" message="The FirefoxDriver cannot be used after quit() was called.
Build info: version: &amp;apos;2.49.0&amp;apos;, revision: &amp;apos;365eeb44deba2067b1761c8862ef21d55250e063&amp;apos;, time: &amp;apos;2016-01-13 11:57:39&amp;apos;
System info: host: &amp;apos;N/A&amp;apos;, ip: &amp;apos;N/A&amp;apos;, os.name: &amp;apos;Linux&amp;apos;, os.arch: &amp;apos;amd64&amp;apos;, os.version: &amp;apos;2.6.32-573.12.1.el6.x86_64&amp;apos;, java.version: &amp;apos;1.7.0_91&amp;apos;
Driver info: driver.version: RemoteWebDriver">
      <![CDATA[org.openqa.selenium.remote.SessionNotFoundException: The FirefoxDriver cannot be used after quit() was called.
Build info: version: '2.49.0', revision: '365eeb44deba2067b1761c8862ef21d55250e063', time: '2016-01-13 11:57:39'
System info: host: 'N/A', ip: 'N/A', os.name: 'Linux', os.arch: 'amd64', os.version: '2.6.32-573.12.1.el6.x86_64', java.version: '1.7.0_91'
Driver info: driver.version: RemoteWebDriver
	at org.openqa.selenium.firefox.FirefoxDriver$LazyCommandExecutor.execute(FirefoxDriver.java:377)
	at org.openqa.selenium.remote.RemoteWebDriver.execute(RemoteWebDriver.java:644)
	at org.openqa.selenium.remote.RemoteWebDriver.execute(RemoteWebDriver.java:701)
	at org.openqa.selenium.remote.RemoteWebDriver.close(RemoteWebDriver.java:521)
	at testcase.Login.closeBrowser(Login.java:85)
	at framework.Startup.main(Startup.java:75)
... Removed 23 stack frames]]>
    </failure>
  </testcase> <!-- @AfterMethod closeBrowser -->
  <testcase name="@AfterMethod closeBrowser" time="0.0" classname="testcase.Login">
    <skipped/>
  </testcase> <!-- @AfterMethod closeBrowser -->
  <testcase name="checkValidationMessageForRegister" time="23.212" classname="testcase.Login"/>
  <testcase name="keepPasswordBlank" time="14.365" classname="testcase.Login">
    <failure type="org.openqa.selenium.remote.UnreachableBrowserException" message="Error communicating with the remote browser. It may have died.
Build info: version: &amp;apos;2.49.0&amp;apos;, revision: &amp;apos;365eeb44deba2067b1761c8862ef21d55250e063&amp;apos;, time: &amp;apos;2016-01-13 11:57:39&amp;apos;
System info: host: &amp;apos;N/A&amp;apos;, ip: &amp;apos;N/A&amp;apos;, os.name: &amp;apos;Linux&amp;apos;, os.arch: &amp;apos;amd64&amp;apos;, os.version: &amp;apos;2.6.32-573.12.1.el6.x86_64&amp;apos;, java.version: &amp;apos;1.7.0_91&amp;apos;
Driver info: driver.version: RemoteWebDriver
Session ID: 10e560cb-d995-4074-b17a-50379725fe2c
Capabilities [{platform=LINUX, acceptSslCerts=true, javascriptEnabled=true, cssSelectorsEnabled=true, databaseEnabled=true, browserName=firefox, handlesAlerts=true, nativeEvents=false, webStorageEnabled=true, rotatable=false, locationContextEnabled=true, applicationCacheEnabled=true, takesScreenshot=true, version=38.5.0}]">
      <![CDATA[org.openqa.selenium.remote.UnreachableBrowserException: Error communicating with the remote browser. It may have died.
Build info: version: '2.49.0', revision: '365eeb44deba2067b1761c8862ef21d55250e063', time: '2016-01-13 11:57:39'
System info: host: 'N/A', ip: 'N/A', os.name: 'Linux', os.arch: 'amd64', os.version: '2.6.32-573.12.1.el6.x86_64', java.version: '1.7.0_91'
Driver info: driver.version: RemoteWebDriver
Session ID: 10e560cb-d995-4074-b17a-50379725fe2c
Capabilities [{platform=LINUX, acceptSslCerts=true, javascriptEnabled=true, cssSelectorsEnabled=true, databaseEnabled=true, browserName=firefox, handlesAlerts=true, nativeEvents=false, webStorageEnabled=true, rotatable=false, locationContextEnabled=true, applicationCacheEnabled=true, takesScreenshot=true, version=38.5.0}]
	at org.openqa.selenium.remote.RemoteWebDriver.execute(RemoteWebDriver.java:665)
	at org.openqa.selenium.remote.RemoteWebDriver.get(RemoteWebDriver.java:316)
	at framework.DriverSelector.getDriver(DriverSelector.java:20)
	at testcase.Login.keepPasswordBlank(Login.java:62)
	at framework.Startup.main(Startup.java:75)
Caused by: org.apache.http.conn.HttpHostConnectException: Connect to 127.0.0.1:7056 [/127.0.0.1] failed: Connection refused
	at org.apache.http.impl.conn.DefaultHttpClientConnectionOperator.connect(DefaultHttpClientConnectionOperator.java:151)
	at org.apache.http.impl.conn.PoolingHttpClientConnectionManager.connect(PoolingHttpClientConnectionManager.java:353)
	at org.apache.http.impl.execchain.MainClientExec.establishRoute(MainClientExec.java:380)
	at org.apache.http.impl.execchain.MainClientExec.execute(MainClientExec.java:236)
	at org.apache.http.impl.execchain.ProtocolExec.execute(ProtocolExec.java:184)
	at org.apache.http.impl.execchain.RetryExec.execute(RetryExec.java:88)
	at org.apache.http.impl.execchain.RedirectExec.execute(RedirectExec.java:110)
	at org.apache.http.impl.client.InternalHttpClient.doExecute(InternalHttpClient.java:184)
	at org.apache.http.impl.client.CloseableHttpClient.execute(CloseableHttpClient.java:71)
	at org.apache.http.impl.client.CloseableHttpClient.execute(CloseableHttpClient.java:55)
	at org.openqa.selenium.remote.internal.ApacheHttpClient.fallBackExecute(ApacheHttpClient.java:161)
	at org.openqa.selenium.remote.internal.ApacheHttpClient.execute(ApacheHttpClient.java:89)
	at org.openqa.selenium.remote.HttpCommandExecutor.execute(HttpCommandExecutor.java:142)
	at org.openqa.selenium.firefox.internal.NewProfileExtensionConnection.execute(NewProfileExtensionConnection.java:170)
	at org.openqa.selenium.firefox.FirefoxDriver$LazyCommandExecutor.execute(FirefoxDriver.java:380)
	at org.openqa.selenium.remote.RemoteWebDriver.execute(RemoteWebDriver.java:644)
	... 25 more
Caused by: java.net.ConnectException: Connection refused
	at java.net.PlainSocketImpl.socketConnect(Native Method)
	at java.net.AbstractPlainSocketImpl.doConnect(AbstractPlainSocketImpl.java:339)
	at java.net.AbstractPlainSocketImpl.connectToAddress(AbstractPlainSocketImpl.java:200)
	at java.net.AbstractPlainSocketImpl.connect(AbstractPlainSocketImpl.java:182)
	at java.net.SocksSocketImpl.connect(SocksSocketImpl.java:392)
	at java.net.Socket.connect(Socket.java:579)
	at org.apache.http.conn.socket.PlainConnectionSocketFactory.connectSocket(PlainConnectionSocketFactory.java:74)
	at org.apache.http.impl.conn.DefaultHttpClientConnectionOperator.connect(DefaultHttpClientConnectionOperator.java:134)
	... 40 more
... Removed 21 stack frames]]>
    </failure>
  </testcase> <!-- keepPasswordBlank -->
  <testcase name="keepUserNameAndPasswordBlank" time="0.0" classname="testcase.Login">
    <skipped/>
  </testcase> <!-- keepUserNameAndPasswordBlank -->
</testsuite> <!-- Command line test 58f9b375-8b00-4f22-9943-117abde64aea -->
