<?xml version="1.0" encoding="UTF-8"?>
<!-- Generated by org.testng.reporters.JUnitXMLReporter -->
<testsuite name="Command line test d3691498-dccd-4711-95eb-4e9d604e7ead" tests="2" failures="1" timestamp="1 Feb 2016 05:46:06 GMT" time="79.119" errors="0">
  <testcase name="@AfterTest closeBrowser" time="0.0" classname="testcase.OrderPlacing">
    <failure type="java.lang.NullPointerException">
      <![CDATA[java.lang.NullPointerException
	at testcase.OrderPlacing.closeBrowser(OrderPlacing.java:30)
	at framework.Startup.main(Startup.java:78)
... Removed 19 stack frames]]>
    </failure>
  </testcase> <!-- @AfterTest closeBrowser -->
  <testcase name="RegisterTest" time="56.916" classname="testcase.Login"/>
  <testcase name="loginTest" time="22.002" classname="testcase.Login">
    <failure type="java.lang.AssertionError" message="expected [true] but found [false]">
      <![CDATA[java.lang.AssertionError: expected [true] but found [false]
	at testcase.Login.loginTest(Login.java:29)
	at framework.Startup.main(Startup.java:78)
... Removed 25 stack frames]]>
    </failure>
  </testcase> <!-- loginTest -->
</testsuite> <!-- Command line test d3691498-dccd-4711-95eb-4e9d604e7ead -->
