<?xml version="1.0" encoding="UTF-8"?>
<!-- Generated by org.testng.reporters.JUnitXMLReporter -->
<testsuite name="Command line test dc73ffe3-c27b-49b6-8bdb-6853a7dfd935" tests="1" failures="0" timestamp="1 Feb 2016 11:03:08 GMT" time="0.121" errors="0">
  <testcase name="@AfterMethod closeBrowser" time="0.0" classname="testcase.Login">
    <failure type="java.lang.NullPointerException">
      <![CDATA[java.lang.NullPointerException
	at testcase.Login.closeBrowser(Login.java:90)
	at framework.Startup.main(Startup.java:68)
... Removed 23 stack frames]]>
    </failure>
  </testcase> <!-- @AfterMethod closeBrowser -->
  <testcase name="startup" time="0.048" classname="testcase.Login"/>
</testsuite> <!-- Command line test dc73ffe3-c27b-49b6-8bdb-6853a7dfd935 -->
