<?xml version="1.0" encoding="UTF-8"?>
<testng-results skipped="0" failed="0" total="2" passed="2">
  <reporter-output>
  </reporter-output>
  <suite name="Default Suite" duration-ms="99118" started-at="2016-08-11T05:31:57Z" finished-at="2016-08-11T05:33:36Z">
    <groups>
    </groups>
    <test name="Command line test 96fa847a-3537-4185-8ae9-4bdd8e40a312" duration-ms="99118" started-at="2016-08-11T05:31:57Z" finished-at="2016-08-11T05:33:36Z">
      <class name="com.craftsvilla.testcase.OrderPlacing">
        <test-method status="PASS" signature="codOrderPlaceGuestCheckout()[pri:0, instance:com.craftsvilla.testcase.OrderPlacing@3901d134]" name="codOrderPlaceGuestCheckout" duration-ms="98928" started-at="2016-08-11T11:01:57Z" finished-at="2016-08-11T11:03:36Z">
          <reporter-output>
          </reporter-output>
        </test-method> <!-- codOrderPlaceGuestCheckout -->
        <test-method status="PASS" signature="closeBrowser(org.testng.ITestResult)[pri:0, instance:com.craftsvilla.testcase.OrderPlacing@3901d134]" name="closeBrowser" is-config="true" duration-ms="164" started-at="2016-08-11T11:03:36Z" finished-at="2016-08-11T11:03:36Z">
          <params>
            <param index="0">
              <value>
                <![CDATA[[TestResult name=codOrderPlaceGuestCheckout status=SUCCESS method=OrderPlacing.codOrderPlaceGuestCheckout()[pri:0, instance:com.craftsvilla.testcase.OrderPlacing@3901d134] output={null}]]]>
              </value>
            </param>
          </params>
          <reporter-output>
          </reporter-output>
        </test-method> <!-- closeBrowser -->
      </class> <!-- com.craftsvilla.testcase.OrderPlacing -->
      <class name="com.craftsvilla.testcase.Login">
        <test-method status="PASS" signature="startup()[pri:0, instance:com.craftsvilla.testcase.Login@14d3bc22]" name="startup" duration-ms="0" started-at="2016-08-11T11:03:36Z" finished-at="2016-08-11T11:03:36Z">
          <reporter-output>
          </reporter-output>
        </test-method> <!-- startup -->
        <test-method status="FAIL" signature="closeBrowser(org.testng.ITestResult)[pri:0, instance:com.craftsvilla.testcase.Login@14d3bc22]" name="closeBrowser" is-config="true" duration-ms="0" started-at="2016-08-11T11:03:36Z" finished-at="2016-08-11T11:03:36Z">
          <params>
            <param index="0">
              <value>
                <![CDATA[[TestResult name=startup status=SUCCESS method=Login.startup()[pri:0, instance:com.craftsvilla.testcase.Login@14d3bc22] output={null}]]]>
              </value>
            </param>
          </params>
          <exception class="java.lang.NullPointerException">
            <full-stacktrace>
              <![CDATA[java.lang.NullPointerException
	at com.craftsvilla.testcase.Login.closeBrowser(Login.java:95)
	at sun.reflect.NativeMethodAccessorImpl.invoke0(Native Method)
	at sun.reflect.NativeMethodAccessorImpl.invoke(NativeMethodAccessorImpl.java:62)
	at sun.reflect.DelegatingMethodAccessorImpl.invoke(DelegatingMethodAccessorImpl.java:43)
	at java.lang.reflect.Method.invoke(Method.java:498)
	at org.testng.internal.MethodInvocationHelper.invokeMethod(MethodInvocationHelper.java:86)
	at org.testng.internal.Invoker.invokeConfigurationMethod(Invoker.java:514)
	at org.testng.internal.Invoker.invokeConfigurations(Invoker.java:215)
	at org.testng.internal.Invoker.invokeMethod(Invoker.java:707)
	at org.testng.internal.Invoker.invokeTestMethod(Invoker.java:820)
	at org.testng.internal.Invoker.invokeTestMethods(Invoker.java:1128)
	at org.testng.internal.TestMethodWorker.invokeTestMethods(TestMethodWorker.java:129)
	at org.testng.internal.TestMethodWorker.run(TestMethodWorker.java:112)
	at org.testng.TestRunner.privateRun(TestRunner.java:782)
	at org.testng.TestRunner.run(TestRunner.java:632)
	at org.testng.SuiteRunner.runTest(SuiteRunner.java:366)
	at org.testng.SuiteRunner.runSequentially(SuiteRunner.java:361)
	at org.testng.SuiteRunner.privateRun(SuiteRunner.java:319)
	at org.testng.SuiteRunner.run(SuiteRunner.java:268)
	at org.testng.SuiteRunnerWorker.runSuite(SuiteRunnerWorker.java:52)
	at org.testng.SuiteRunnerWorker.run(SuiteRunnerWorker.java:86)
	at org.testng.TestNG.runSuitesSequentially(TestNG.java:1244)
	at org.testng.TestNG.runSuitesLocally(TestNG.java:1169)
	at org.testng.TestNG.run(TestNG.java:1064)
	at com.craftsvilla.framework.Startup.main(Startup.java:69)
]]>
            </full-stacktrace>
          </exception> <!-- java.lang.NullPointerException -->
          <reporter-output>
          </reporter-output>
        </test-method> <!-- closeBrowser -->
      </class> <!-- com.craftsvilla.testcase.Login -->
    </test> <!-- Command line test 96fa847a-3537-4185-8ae9-4bdd8e40a312 -->
  </suite> <!-- Default Suite -->
</testng-results>
